{
  "RSpec": {
    "coverage": {
      "/home/pablo/Escritorio/Elementos de Ingenieria de Software/eis20132/ejercicios/ahorcado/juego.rb": [
        1,
        null,
        1,
        12,
        12,
        12,
        null,
        null,
        1,
        22,
        9,
        9,
        9,
        9,
        null,
        13,
        13,
        13,
        13,
        null,
        null,
        null,
        1,
        59,
        null,
        null,
        1,
        9,
        9,
        36,
        12,
        null,
        36,
        null,
        9,
        null,
        null,
        1,
        36,
        12,
        null,
        24,
        null,
        null,
        null,
        1,
        3,
        null,
        null,
        1,
        3,
        3,
        null,
        null,
        1,
        22,
        1,
        1,
        null,
        21,
        1,
        1,
        null,
        null,
        null,
        null
      ]
    },
    "timestamp": 1380513561
  }
}
